core.init: Checking for fconfig files in pwd and ./rosetta/flags 
core.init.score_function_corrections: [ WARNING ] Flag -beta_nov16 is set but either -weights are also specified or this is being used with the genpot score function.  Not changing input weights file!
core.init: Rosetta version: 2022.14+HEAD.d95c9420af1 d95c9420af12eca758935f7e2b4d05be19e3a5fe git@github.com:RosettaCommons/main.git 2022-04-07T08:56:27
core.init: command: /software/rosetta/latest/bin/rosetta_scripts -database /software/rosetta/latest/main/database/ -out::file::pdb_comments -parser:protocol xml/filterscan_cage.xml -s input/scaffolds/I3_1_2_0001.pdb -native input/scaffolds/I3_1_2_0001.pdb -beta -use_occurrence_data -use_input_sc -extrachi_cutoff 10 -ignore_unrecognized_res -use_occurrence_data -parser:script_vars current_res=24 scores_path=output/I3_1/scores files_path=output/I3_1/files resfiles_path=output/I3_1/resfiles sym=../symdef/I/I3.sym a1=0 a2= r1=0 r2=0 nsub_bb=3 flip_axes=0,0 symdof1=JCT00 symdof2=JCT00 outpath=output/I3_1 use_transforms=no_transforms comp=1comp keep_n=1 fs_thresholds=0.0 -overwrite 1 -chemical:exclude_patches LowerDNA UpperDNA Cterm_amidation SpecialRotamer VirtualBB ShoveBB VirtualDNAPhosphate VirtualNTerm CTermConnect sc_orbitals pro_hydroxylated_case1 pro_hydroxylated_case2 ser_phosphorylated thr_phosphorylated tyr_phosphorylated tyr_sulfated lys_dimethylated lys_monomethylated lys_trimethylated lys_acetylated glu_carboxylated cys_acetylated tyr_diiodinated N_acetylated C_methylamidated MethylatedProteinCterm -linmem_ig 10 -ignore_zero_occupancy false -unmute all -out:level 300 -no_output -failed_job_exception False -mute core.select.residue_selector.SecondaryStructureSelector
basic.random.init_random_generator: 'RNG device' seed mode, using '/dev/urandom', seed=172068999 seed_offset=0 real_seed=172068999
basic.random.init_random_generator: RandomGenerator:init: Normal mode, seed=172068999 RG_type=mt19937
protocols.jd2.PDBJobInputter: Instantiate PDBJobInputter
protocols.jd2.PDBJobInputter: PDBJobInputter::fill_jobs
protocols.jd2.PDBJobInputter: pushed input/scaffolds/I3_1_2_0001.pdb nstruct index 1
core.chemical.GlobalResidueTypeSet: While generating GlobalResidueTypeSet fa_standard: Skipping patch pro_hydroxylated_case1 as requested
core.chemical.GlobalResidueTypeSet: While generating GlobalResidueTypeSet fa_standard: Skipping patch pro_hydroxylated_case2 as requested
core.chemical.GlobalResidueTypeSet: While generating GlobalResidueTypeSet fa_standard: Skipping patch LowerDNA as requested
core.chemical.GlobalResidueTypeSet: While generating GlobalResidueTypeSet fa_standard: Skipping patch UpperDNA as requested
core.chemical.GlobalResidueTypeSet: While generating GlobalResidueTypeSet fa_standard: Skipping patch VirtualDNAPhosphate as requested
core.chemical.GlobalResidueTypeSet: While generating GlobalResidueTypeSet fa_standard: Skipping patch ShoveBB as requested
core.chemical.GlobalResidueTypeSet: While generating GlobalResidueTypeSet fa_standard: Skipping patch VirtualBB as requested
core.chemical.GlobalResidueTypeSet: While generating GlobalResidueTypeSet fa_standard: Skipping patch N_acetylated as requested
core.chemical.GlobalResidueTypeSet: While generating GlobalResidueTypeSet fa_standard: Skipping patch C_methylamidated as requested
core.chemical.GlobalResidueTypeSet: While generating GlobalResidueTypeSet fa_standard: Skipping patch SpecialRotamer as requested
core.chemical.GlobalResidueTypeSet: While generating GlobalResidueTypeSet fa_standard: Skipping patch Cterm_amidation as requested
core.chemical.GlobalResidueTypeSet: While generating GlobalResidueTypeSet fa_standard: Skipping patch ser_phosphorylated as requested
core.chemical.GlobalResidueTypeSet: While generating GlobalResidueTypeSet fa_standard: Skipping patch thr_phosphorylated as requested
core.chemical.GlobalResidueTypeSet: While generating GlobalResidueTypeSet fa_standard: Skipping patch tyr_phosphorylated as requested
core.chemical.GlobalResidueTypeSet: While generating GlobalResidueTypeSet fa_standard: Skipping patch tyr_sulfated as requested
core.chemical.GlobalResidueTypeSet: While generating GlobalResidueTypeSet fa_standard: Skipping patch lys_monomethylated as requested
core.chemical.GlobalResidueTypeSet: While generating GlobalResidueTypeSet fa_standard: Skipping patch lys_dimethylated as requested
core.chemical.GlobalResidueTypeSet: While generating GlobalResidueTypeSet fa_standard: Skipping patch lys_trimethylated as requested
core.chemical.GlobalResidueTypeSet: While generating GlobalResidueTypeSet fa_standard: Skipping patch lys_acetylated as requested
core.chemical.GlobalResidueTypeSet: While generating GlobalResidueTypeSet fa_standard: Skipping patch glu_carboxylated as requested
core.chemical.GlobalResidueTypeSet: While generating GlobalResidueTypeSet fa_standard: Skipping patch cys_acetylated as requested
core.chemical.GlobalResidueTypeSet: While generating GlobalResidueTypeSet fa_standard: Skipping patch tyr_diiodinated as requested
core.chemical.GlobalResidueTypeSet: While generating GlobalResidueTypeSet fa_standard: Skipping patch MethylatedProteinCterm as requested
core.chemical.GlobalResidueTypeSet: Finished initializing fa_standard residue type set.  Created 979 residue types
core.chemical.GlobalResidueTypeSet: Total time to initialize 1.01598 seconds.
core.import_pose.import_pose: File 'input/scaffolds/I3_1_2_0001.pdb' automatically determined to be of type PDB
core.io.pdb.pdb_reader: Parsing 6093 .pdb records with unknown format to search for Rosetta-specific comments.
core.conformation.Conformation: Found disulfide between residues 163 201
core.conformation.Conformation: current variant for 163 CYS
core.conformation.Conformation: current variant for 201 CYS
core.conformation.Conformation: current variant for 163 CYD
core.conformation.Conformation: current variant for 201 CYD
protocols.evaluation.ChiWellRmsdEvaluatorCreator: Evaluation Creator active ... 
memory_usage: Virt/Res/Share/Exe/Data  350   262  173    0    86 MB   @ JobOutputter CSTOR
protocols.jd2.PDBJobInputter: PDBJobInputter::pose_from_job
protocols.jd2.PDBJobInputter: filling pose from PDB input/scaffolds/I3_1_2_0001.pdb
core.import_pose.import_pose: File 'input/scaffolds/I3_1_2_0001.pdb' automatically determined to be of type PDB
core.io.pdb.pdb_reader: Parsing 6093 .pdb records with unknown format to search for Rosetta-specific comments.
core.conformation.Conformation: Found disulfide between residues 163 201
core.conformation.Conformation: current variant for 163 CYS
core.conformation.Conformation: current variant for 201 CYS
core.conformation.Conformation: current variant for 163 CYD
core.conformation.Conformation: current variant for 201 CYD
protocols.rosetta_scripts.RosettaScriptsParser: dock_design_filename=xml/filterscan_cage.xml
protocols.rosetta_scripts.RosettaScriptsParser: Variable substitution will occur with the following values: '%%a1%%'='0';  '%%a2%%'='';  '%%comp%%'='1comp';  '%%current_res%%'='24';  '%%files_path%%'='output/I3_1/files';  '%%flip_axes%%'='0,0';  '%%fs_thresholds%%'='0.0';  '%%keep_n%%'='1';  '%%nsub_bb%%'='3';  '%%outpath%%'='output/I3_1';  '%%r1%%'='0';  '%%r2%%'='0';  '%%resfiles_path%%'='output/I3_1/resfiles';  '%%scores_path%%'='output/I3_1/scores';  '%%sym%%'='../symdef/I/I3.sym';  '%%symdof1%%'='JCT00';  '%%symdof2%%'='JCT00';  '%%use_transforms%%'='no_transforms';  
protocols.rosetta_scripts.RosettaScriptsParser: Substituted script:
<ROSETTASCRIPTS>

<SCOREFXNS>
    <ScoreFunction name="beta_full" weights="beta">
      <Reweight scoretype="coordinate_constraint" weight="0.64"/>
      <Reweight scoretype="res_type_constraint" weight="0.64"/>
    </ScoreFunction>
</SCOREFXNS>

  <TASKOPERATIONS>
	  <DesignAround name="des_around" design_shell="0.1" resnums="24" repack_shell="8.0"/>
  </TASKOPERATIONS>

  <MOVERS>
	//regen sym and sample without a/r; 1-component
        <SymDofMover name="gen_docked_config_no_transforms_1comp_mover" symm_file="../symdef/I/I3.sym" sym_dof_names="JCT00"
                flip_input_about_axes="0,0" />
        <SymDofMover name="sample_docked_config_1comp" symm_file="../symdef/I/I3.sym" sym_dof_names="JCT00"
                angles="0"
                angle_deltas="1" 
                rotation_axes="x"
                radial_disps="0"
                radial_disp_deltas="0.5"
                translation_axes="x"
        	sampling_mode="gaussian" auto_range="1"
		set_sampler="0" />
		
	//regen sym and sample without a/r; 2-component
        <SymDofMover name="gen_docked_config_no_transforms_2comp_mover" symm_file="../symdef/I/I3.sym" sym_dof_names="JCT00,JCT00"
                flip_input_about_axes="0,0" />
        <SymDofMover name="sample_docked_config_2comp" symm_file="../symdef/I/I3.sym" sym_dof_names="JCT00,JCT00"
                angles="0,0"
                angle_deltas="1,1" 
                rotation_axes="x,x"
                radial_disps="0,0"
                radial_disp_deltas="0.5,0.5"
                translation_axes="x,x"
                sampling_mode="gaussian" auto_range="1"
		set_sampler="0" />
	
	<ParsedProtocol name="gen_docked_config_no_transforms_1comp" >
                <Add mover_name="gen_docked_config_no_transforms_1comp_mover" />
        </ParsedProtocol>

	<TaskAwareCsts name="add_CA_cst" anchor_resnum="1"/>
    <MinMover name="min_all" scorefxn="beta_full" chi="1" bb="1" jump="0"/>
  </MOVERS>

  <FILTERS>
    <ScoreType name="stability_score_full" scorefxn="beta_full" score_type="total_score" threshold="0.0"/>
    <Delta name="delta_score_full" filter="stability_score_full" upper="1" lower="0" range="0.5"/>
    #upper and lower are booleans. Delta filters out all the mutations that are worse or better by less than -0.55R.E.U
    <Time name="timer"/>
    <FilterScan name="filter_scan" scorefxn="beta_full" relax_mover="min_all" keep_native="1" task_operations="des_around" delta_filters="delta_score_full" delta="true" resfile_name="output/I3_1/resfiles/res_24" report_all="1" delta_filter_thresholds="0.0" score_log_file="output/I3_1/scores/res24_score_full.log"/>
  </FILTERS>

  <PROTOCOLS>
    //generate docked configuration
    <Add mover_name="gen_docked_config_no_transforms_1comp" />
	  
    <Add filter="timer"/>
    Add mover_name="add_CA_cst"/>
    <Add filter="filter_scan"/>
    <Add filter="timer"/>
  </PROTOCOLS>

  <OUTPUT scorefxn="beta_full"/>
</ROSETTASCRIPTS>
protocols.rosetta_scripts.RosettaScriptsParser: Validating input script...
protocols.rosetta_scripts.RosettaScriptsSchemaValidator: Generating XML Schema for rosetta_scripts...
protocols.rosetta_scripts.RosettaScriptsSchemaValidator: ...done
protocols.rosetta_scripts.RosettaScriptsSchemaValidator: Initializing schema validator...
protocols.rosetta_scripts.RosettaScriptsSchemaValidator: ...done
protocols.rosetta_scripts.RosettaScriptsParser: ...done
protocols.rosetta_scripts.RosettaScriptsParser: Parsed script:
<ROSETTASCRIPTS>
	<SCOREFXNS>
		<ScoreFunction name="beta_full" weights="beta">
			<Reweight scoretype="coordinate_constraint" weight="0.64"/>
			<Reweight scoretype="res_type_constraint" weight="0.64"/>
		</ScoreFunction>
	</SCOREFXNS>
	<TASKOPERATIONS>
		<DesignAround design_shell="0.1" name="des_around" repack_shell="8.0" resnums="24"/>
	</TASKOPERATIONS>
	<MOVERS>
		<SymDofMover flip_input_about_axes="0,0" name="gen_docked_config_no_transforms_1comp_mover" sym_dof_names="JCT00" symm_file="../symdef/I/I3.sym"/>
		<SymDofMover angle_deltas="1" angles="0" auto_range="1" name="sample_docked_config_1comp" radial_disp_deltas="0.5" radial_disps="0" rotation_axes="x" sampling_mode="gaussian" set_sampler="0" sym_dof_names="JCT00" symm_file="../symdef/I/I3.sym" translation_axes="x"/>
		<SymDofMover flip_input_about_axes="0,0" name="gen_docked_config_no_transforms_2comp_mover" sym_dof_names="JCT00,JCT00" symm_file="../symdef/I/I3.sym"/>
		<SymDofMover angle_deltas="1,1" angles="0,0" auto_range="1" name="sample_docked_config_2comp" radial_disp_deltas="0.5,0.5" radial_disps="0,0" rotation_axes="x,x" sampling_mode="gaussian" set_sampler="0" sym_dof_names="JCT00,JCT00" symm_file="../symdef/I/I3.sym" translation_axes="x,x"/>
		<ParsedProtocol name="gen_docked_config_no_transforms_1comp">
			<Add mover_name="gen_docked_config_no_transforms_1comp_mover"/>
		</ParsedProtocol>
		<TaskAwareCsts anchor_resnum="1" name="add_CA_cst"/>
		<MinMover bb="1" chi="1" jump="0" name="min_all" scorefxn="beta_full"/>
	</MOVERS>
	<FILTERS>
		<ScoreType name="stability_score_full" score_type="total_score" scorefxn="beta_full" threshold="0.0"/>
		<Delta filter="stability_score_full" lower="0" name="delta_score_full" range="0.5" upper="1"/>
		<Time name="timer"/>
		<FilterScan delta="true" delta_filter_thresholds="0.0" delta_filters="delta_score_full" keep_native="1" name="filter_scan" relax_mover="min_all" report_all="1" resfile_name="output/I3_1/resfiles/res_24" score_log_file="output/I3_1/scores/res24_score_full.log" scorefxn="beta_full" task_operations="des_around"/>
	</FILTERS>
	<PROTOCOLS>
		<Add mover_name="gen_docked_config_no_transforms_1comp"/>
		<Add filter="timer"/>
		<Add filter="filter_scan"/>
		<Add filter="timer"/>
	</PROTOCOLS>
	<OUTPUT scorefxn="beta_full"/>
</ROSETTASCRIPTS>
protocols.rosetta_scripts.RosettaScriptsParser: Loading native resource as native_pose to the datamap 
core.import_pose.import_pose: File 'input/scaffolds/I3_1_2_0001.pdb' automatically determined to be of type PDB
core.io.pdb.pdb_reader: Parsing 6093 .pdb records with unknown format to search for Rosetta-specific comments.
core.conformation.Conformation: Found disulfide between residues 163 201
core.conformation.Conformation: current variant for 163 CYS
core.conformation.Conformation: current variant for 201 CYS
core.conformation.Conformation: current variant for 163 CYD
core.conformation.Conformation: current variant for 201 CYD
core.scoring.ScoreFunctionFactory: SCOREFUNCTION: beta_genpot.wts
core.scoring.etable: Starting energy table calculation
core.scoring.etable: smooth_etable: changing atr/rep split to bottom of energy well
core.scoring.etable: smooth_etable: spline smoothing lj etables (maxdis = 6)
core.scoring.etable: smooth_etable: spline smoothing solvation etables (max_dis = 6)
core.scoring.etable: Finished calculating energy tables.
basic.io.database: Database file opened: scoring/score_functions/hbonds/ref2015_params/HBPoly1D.csv
basic.io.database: Database file opened: scoring/score_functions/hbonds/ref2015_params/HBFadeIntervals.csv
basic.io.database: Database file opened: scoring/score_functions/hbonds/ref2015_params/HBEval.csv
basic.io.database: Database file opened: scoring/score_functions/hbonds/ref2015_params/DonStrength.csv
basic.io.database: Database file opened: scoring/score_functions/hbonds/ref2015_params/AccStrength.csv
basic.io.database: Database file opened: scoring/score_functions/rama/fd_beta_nov2016/all.ramaProb
basic.io.database: Database file opened: scoring/score_functions/rama/fd_beta_nov2016/prepro.ramaProb
basic.io.database: Database file opened: scoring/score_functions/omega/omega_ppdep.all.txt
basic.io.database: Database file opened: scoring/score_functions/omega/omega_ppdep.gly.txt
basic.io.database: Database file opened: scoring/score_functions/omega/omega_ppdep.pro.txt
basic.io.database: Database file opened: scoring/score_functions/omega/omega_ppdep.valile.txt
basic.io.database: Database file opened: scoring/score_functions/P_AA_pp/P_AA
basic.io.database: Database file opened: scoring/score_functions/P_AA_pp/P_AA_n
core.scoring.P_AA: shapovalov_lib::shap_p_aa_pp_smooth_level of 1( aka low_smooth ) got activated.
basic.io.database: Database file opened: scoring/score_functions/P_AA_pp/shapovalov/10deg/kappa131/a20.prop
basic.io.database: Database file opened: scoring/score_functions/bondlength_bondangle/hydroxyl_torsion_preference.txt
basic.io.database: Database file opened: scoring/score_functions/generic_potential/generic_bonded.round6p.txt
core.scoring.GenericBondedPotential: Added total 0 bond parameters corresponding to 0 unique bonds.
core.scoring.GenericBondedPotential: Added total 0 angle parameters corresponding to 0 unique angles.
core.scoring.GenericBondedPotential: Added total 264 torsion parameters corresponding to 1126464 unique torsions.
core.scoring.GenericBondedPotential: Added total 50 improper parameters corresponding to 437 unique impropers.
core.scoring.etable: Starting energy table calculation
core.scoring.etable: smooth_etable: changing atr/rep split to bottom of energy well
core.scoring.etable: smooth_etable: spline smoothing lj etables (maxdis = 6)
core.scoring.etable: smooth_etable: spline smoothing solvation etables (max_dis = 6)
core.scoring.etable: Finished calculating energy tables.
basic.io.database: Database file opened: scoring/score_functions/PairEPotential/pdb_pair_stats_fine
basic.io.database: Database file opened: scoring/score_functions/InterchainPotential/interchain_env_log.txt
basic.io.database: Database file opened: scoring/score_functions/InterchainPotential/interchain_pair_log.txt
basic.io.database: Database file opened: scoring/score_functions/EnvPairPotential/env_log.txt
basic.io.database: Database file opened: scoring/score_functions/EnvPairPotential/cbeta_den.txt
basic.io.database: Database file opened: scoring/score_functions/EnvPairPotential/pair_log.txt
basic.io.database: Database file opened: scoring/score_functions/EnvPairPotential/cenpack_log.txt
core.scoring.ramachandran: shapovalov_lib::shap_rama_smooth_level of 4( aka highest_smooth ) got activated.
basic.io.database: Database file opened: scoring/score_functions/rama/shapovalov/kappa25/all.ramaProb
protocols.jd2.parser.ScoreFunctionLoader: defined score function "beta_full" with weights "beta"
protocols.jd2.parser.ScoreFunctionLoader:  setting beta_full weight coordinate_constraint to 0.64
protocols.jd2.parser.ScoreFunctionLoader:  setting beta_full weight res_type_constraint to 0.64
protocols.TaskOperations.DesignAroundOperation: repack_shell = 8 design shell = 0.1
protocols.jd2.parser.TaskOperationLoader: Defined TaskOperation named "des_around" of type DesignAround
protocols.rosetta_scripts.RosettaScriptsParser: Defined mover named "gen_docked_config_no_transforms_1comp_mover" of type SymDofMover
protocols.matdes.SymDofMover: 0
protocols.rosetta_scripts.RosettaScriptsParser: Defined mover named "sample_docked_config_1comp" of type SymDofMover
protocols.rosetta_scripts.RosettaScriptsParser: Defined mover named "gen_docked_config_no_transforms_2comp_mover" of type SymDofMover
protocols.matdes.SymDofMover: 0
protocols.matdes.SymDofMover: 0
protocols.rosetta_scripts.RosettaScriptsParser: Defined mover named "sample_docked_config_2comp" of type SymDofMover
protocols.rosetta_scripts.ParsedProtocol: ParsedProtocol mover with the following settings
protocols.rosetta_scripts.ParsedProtocol: Added mover "gen_docked_config_no_transforms_1comp_mover"
protocols.rosetta_scripts.RosettaScriptsParser: Defined mover named "gen_docked_config_no_transforms_1comp" of type ParsedProtocol
protocols.protein_interface_design.movers.TaskAwareCsts: cst_type: coordinate anchor_resnum: 1
protocols.rosetta_scripts.RosettaScriptsParser: Defined mover named "add_CA_cst" of type TaskAwareCsts
protocols.minimization_packing.MinMover: Options chi, bb: 1, 1 omega: 1
protocols.rosetta_scripts.RosettaScriptsParser: Defined mover named "min_all" of type MinMover
protocols.simple_filters.ScoreTypeFilter: ScoreType filter for score_type total_score with threshold 0.
protocols.rosetta_scripts.RosettaScriptsParser: Defined filter named "stability_score_full" of type ScoreType
protocols.simple_filters.DeltaFilter: DeltaFilter
protocols.simple_filters.DeltaFilter: with options baseline: 0 range: 0.5 upper: 1 unbound: 0 jump: 0 and lower: 0
protocols.rosetta_scripts.RosettaScriptsParser: Defined filter named "delta_score_full" of type Delta
protocols.rosetta_scripts.RosettaScriptsParser: Defined filter named "timer" of type Time
protocols.protein_interface_design.filters.FilterScanFilter: FilterScanFilter
core.pack.task.xml_util: Object filter_scan reading the following task_operations: Adding the following task operations
des_around 
protocols.protein_interface_design.filters.FilterScanFilter: Using delta filters: using delta filter thresholds: 0.0
protocols.protein_interface_design.filters.FilterScanFilter: delta_score_full,
protocols.protein_interface_design.filters.FilterScanFilter: with options resfile_name: output/I3_1/resfiles/res_24 resfile_general_property nataa unbound 0 jump 0 delta 1 filter true_filter dump_pdb 0 rtmin 0
protocols.rosetta_scripts.RosettaScriptsParser: Defined filter named "filter_scan" of type FilterScan
protocols.rosetta_scripts.ParsedProtocol: ParsedProtocol mover with the following settings
protocols.rosetta_scripts.ParsedProtocol: Added mover "gen_docked_config_no_transforms_1comp"
protocols.rosetta_scripts.ParsedProtocol: Added filter "timer"
protocols.rosetta_scripts.ParsedProtocol: Added filter "filter_scan"
protocols.rosetta_scripts.ParsedProtocol: Added filter "timer"
protocols.jd2.PDBJobInputter: PDBJobInputter::pose_from_job
protocols.jd2.PDBJobInputter: filling pose from saved copy input/scaffolds/I3_1_2_0001.pdb
protocols.rosetta_scripts.ParsedProtocol: =======================BEGIN MOVER ParsedProtocol - gen_docked_config_no_transforms_1comp=======================
protocols.rosetta_scripts.ParsedProtocol: =======================BEGIN MOVER SymDofMover - gen_docked_config_no_transforms_1comp_mover=======================
protocols.matdes.SymDofMover: checking for additional components
core.conformation.symmetry.SymmData: [ WARNING ] Setting weight of master jump ( jump-id=31 ) to 1.0 (was undefined)
core.conformation.symmetry.SymmData: [ WARNING ] Setting jump_group JGCT: [master 31]  32:0  33:0  34:0  35:0  36:0  37:0  38:0  39:0  40:0 
core.conformation.symmetry.SymmData: [ WARNING ] Setting weight of master jump ( jump-id=1 ) to 1.0 (was undefined)
core.conformation.symmetry.SymmData: [ WARNING ] Setting jump_group JGBT: [master 1]  2:0  3:0  4:0  5:0  6:0  7:0  8:0  9:0  10:0  11:0  12:0  13:0  14:0  15:0  16:0  17:0  18:0  19:0  20:0  21:0  22:0  23:0  24:0  25:0  26:0  27:0  28:0  29:0  30:0 
core.conformation.symmetry.SymmData: symmetry name: I3_half
core.conformation.symmetry.SymmData: number of subunits: 30
core.conformation.symmetry.SymmData: number of interfaces: 10
core.conformation.symmetry.SymmData: score subunit number: ROOT
core.conformation.symmetry.SymmData: anchor the subunits at residue: COM
core.conformation.symmetry.SymmData:  Virtual coordinate system BT00_0
core.conformation.symmetry.SymmData: x: 0.934172 0 0.356822
core.conformation.symmetry.SymmData: y: -0.178411 0.866025 0.467086
core.conformation.symmetry.SymmData: origin: 0 0 0
core.conformation.symmetry.SymmData:  Virtual coordinate system BT00_1
core.conformation.symmetry.SymmData: x: 0.934172 0 0.356822
core.conformation.symmetry.SymmData: y: -0.178411 -0.866025 0.467086
core.conformation.symmetry.SymmData: origin: 0 0 0
core.conformation.symmetry.SymmData:  Virtual coordinate system BT00_2
core.conformation.symmetry.SymmData: x: 0.934172 0 0.356822
core.conformation.symmetry.SymmData: y: 0.356822 0 -0.934172
core.conformation.symmetry.SymmData: origin: 0 0 0
core.conformation.symmetry.SymmData:  Virtual coordinate system BT01_0
core.conformation.symmetry.SymmData: x: 0.57735 0.57735 -0.57735
core.conformation.symmetry.SymmData: y: -0.645497 -0.110264 -0.755761
core.conformation.symmetry.SymmData: origin: 0 0 0
core.conformation.symmetry.SymmData:  Virtual coordinate system BT01_1
core.conformation.symmetry.SymmData: x: 0.57735 0.57735 -0.57735
core.conformation.symmetry.SymmData: y: -0.110264 0.755761 0.645497
core.conformation.symmetry.SymmData: origin: 0 0 0
core.conformation.symmetry.SymmData:  Virtual coordinate system BT01_2
core.conformation.symmetry.SymmData: x: 0.57735 0.57735 -0.57735
core.conformation.symmetry.SymmData: y: 0.755761 -0.645497 0.110264
core.conformation.symmetry.SymmData: origin: 0 0 0
core.conformation.symmetry.SymmData:  Virtual coordinate system BT02_0
core.conformation.symmetry.SymmData: x: 0.57735 -0.57735 0.57735
core.conformation.symmetry.SymmData: y: -0.110264 -0.755761 -0.645497
core.conformation.symmetry.SymmData: origin: 0 0 0
core.conformation.symmetry.SymmData:  Virtual coordinate system BT02_1
core.conformation.symmetry.SymmData: x: 0.57735 -0.57735 0.57735
core.conformation.symmetry.SymmData: y: 0.755761 0.645497 -0.110264
core.conformation.symmetry.SymmData: origin: 0 0 0
core.conformation.symmetry.SymmData:  Virtual coordinate system BT02_2
core.conformation.symmetry.SymmData: x: 0.57735 -0.57735 0.57735
core.conformation.symmetry.SymmData: y: -0.645497 0.110264 0.755761
core.conformation.symmetry.SymmData: origin: 0 0 0
core.conformation.symmetry.SymmData:  Virtual coordinate system BT03_0
core.conformation.symmetry.SymmData: x: 0.57735 -0.57735 -0.57735
core.conformation.symmetry.SymmData: y: -0.110264 -0.755761 0.645497
core.conformation.symmetry.SymmData: origin: 0 0 0
core.conformation.symmetry.SymmData:  Virtual coordinate system BT03_1
core.conformation.symmetry.SymmData: x: 0.57735 -0.57735 -0.57735
core.conformation.symmetry.SymmData: y: -0.645497 0.110264 -0.755761
core.conformation.symmetry.SymmData: origin: 0 0 0
core.conformation.symmetry.SymmData:  Virtual coordinate system BT03_2
core.conformation.symmetry.SymmData: x: 0.57735 -0.57735 -0.57735
core.conformation.symmetry.SymmData: y: 0.755761 0.645497 0.110264
core.conformation.symmetry.SymmData: origin: 0 0 0
core.conformation.symmetry.SymmData:  Virtual coordinate system BT08_0
core.conformation.symmetry.SymmData: x: 0 0.356822 -0.934172
core.conformation.symmetry.SymmData: y: 0.866025 0.467086 0.178411
core.conformation.symmetry.SymmData: origin: 0 0 0
core.conformation.symmetry.SymmData:  Virtual coordinate system BT08_1
core.conformation.symmetry.SymmData: x: 0 0.356822 -0.934172
core.conformation.symmetry.SymmData: y: -0.866025 0.467086 0.178411
core.conformation.symmetry.SymmData: origin: 0 0 0
core.conformation.symmetry.SymmData:  Virtual coordinate system BT08_2
core.conformation.symmetry.SymmData: x: 0 0.356822 -0.934172
core.conformation.symmetry.SymmData: y: 0 -0.934172 -0.356822
core.conformation.symmetry.SymmData: origin: 0 0 0
core.conformation.symmetry.SymmData:  Virtual coordinate system BT11_0
core.conformation.symmetry.SymmData: x: 0 0.356822 0.934172
core.conformation.symmetry.SymmData: y: 0.866025 0.467086 -0.178411
core.conformation.symmetry.SymmData: origin: 0 0 0
core.conformation.symmetry.SymmData:  Virtual coordinate system BT11_1
core.conformation.symmetry.SymmData: x: 0 0.356822 0.934172
core.conformation.symmetry.SymmData: y: -0.866025 0.467086 -0.178411
core.conformation.symmetry.SymmData: origin: 0 0 0
core.conformation.symmetry.SymmData:  Virtual coordinate system BT11_2
core.conformation.symmetry.SymmData: x: 0 0.356822 0.934172
core.conformation.symmetry.SymmData: y: 0 -0.934172 0.356822
core.conformation.symmetry.SymmData: origin: 0 0 0
core.conformation.symmetry.SymmData:  Virtual coordinate system BT12_0
core.conformation.symmetry.SymmData: x: 0.356822 0.934172 0
core.conformation.symmetry.SymmData: y: 0.467086 -0.178411 0.866025
core.conformation.symmetry.SymmData: origin: 0 0 0
core.conformation.symmetry.SymmData:  Virtual coordinate system BT12_1
core.conformation.symmetry.SymmData: x: 0.356822 0.934172 0
core.conformation.symmetry.SymmData: y: 0.467086 -0.178411 -0.866025
core.conformation.symmetry.SymmData: origin: 0 0 0
core.conformation.symmetry.SymmData:  Virtual coordinate system BT12_2
core.conformation.symmetry.SymmData: x: 0.356822 0.934172 0
core.conformation.symmetry.SymmData: y: -0.934172 0.356822 0
core.conformation.symmetry.SymmData: origin: 0 0 0
core.conformation.symmetry.SymmData:  Virtual coordinate system BT13_0
core.conformation.symmetry.SymmData: x: 0.57735 0.57735 0.57735
core.conformation.symmetry.SymmData: y: -0.645497 -0.110264 0.755761
core.conformation.symmetry.SymmData: origin: 0 0 0
core.conformation.symmetry.SymmData:  Virtual coordinate system BT13_1
core.conformation.symmetry.SymmData: x: 0.57735 0.57735 0.57735
core.conformation.symmetry.SymmData: y: -0.110264 0.755761 -0.645497
core.conformation.symmetry.SymmData: origin: 0 0 0
core.conformation.symmetry.SymmData:  Virtual coordinate system BT13_2
core.conformation.symmetry.SymmData: x: 0.57735 0.57735 0.57735
core.conformation.symmetry.SymmData: y: 0.755761 -0.645497 -0.110264
core.conformation.symmetry.SymmData: origin: 0 0 0
core.conformation.symmetry.SymmData:  Virtual coordinate system BT18_0
core.conformation.symmetry.SymmData: x: -0.356822 0.934172 0
core.conformation.symmetry.SymmData: y: -0.467086 -0.178411 0.866025
core.conformation.symmetry.SymmData: origin: 0 0 0
core.conformation.symmetry.SymmData:  Virtual coordinate system BT18_1
core.conformation.symmetry.SymmData: x: -0.356822 0.934172 0
core.conformation.symmetry.SymmData: y: -0.467086 -0.178411 -0.866025
core.conformation.symmetry.SymmData: origin: 0 0 0
core.conformation.symmetry.SymmData:  Virtual coordinate system BT18_2
core.conformation.symmetry.SymmData: x: -0.356822 0.934172 0
core.conformation.symmetry.SymmData: y: 0.934172 0.356822 0
core.conformation.symmetry.SymmData: origin: 0 0 0
core.conformation.symmetry.SymmData:  Virtual coordinate system BT19_0
core.conformation.symmetry.SymmData: x: 0.934172 0 -0.356822
core.conformation.symmetry.SymmData: y: -0.178411 0.866025 -0.467086
core.conformation.symmetry.SymmData: origin: 0 0 0
core.conformation.symmetry.SymmData:  Virtual coordinate system BT19_1
core.conformation.symmetry.SymmData: x: 0.934172 0 -0.356822
core.conformation.symmetry.SymmData: y: -0.178411 -0.866025 -0.467086
core.conformation.symmetry.SymmData: origin: 0 0 0
core.conformation.symmetry.SymmData:  Virtual coordinate system BT19_2
core.conformation.symmetry.SymmData: x: 0.934172 0 -0.356822
core.conformation.symmetry.SymmData: y: 0.356822 0 0.934172
core.conformation.symmetry.SymmData: origin: 0 0 0
core.conformation.symmetry.SymmData:  Virtual coordinate system CT00
core.conformation.symmetry.SymmData: x: 0.934172 0 0.356822
core.conformation.symmetry.SymmData: y: -0.178411 0.866025 0.467086
core.conformation.symmetry.SymmData: origin: 0 0 0
core.conformation.symmetry.SymmData:  Virtual coordinate system CT01
core.conformation.symmetry.SymmData: x: 0.57735 0.57735 -0.57735
core.conformation.symmetry.SymmData: y: -0.645497 -0.110264 -0.755761
core.conformation.symmetry.SymmData: origin: 0 0 0
core.conformation.symmetry.SymmData:  Virtual coordinate system CT02
core.conformation.symmetry.SymmData: x: 0.57735 -0.57735 0.57735
core.conformation.symmetry.SymmData: y: -0.110264 -0.755761 -0.645497
core.conformation.symmetry.SymmData: origin: 0 0 0
core.conformation.symmetry.SymmData:  Virtual coordinate system CT03
core.conformation.symmetry.SymmData: x: 0.57735 -0.57735 -0.57735
core.conformation.symmetry.SymmData: y: -0.110264 -0.755761 0.645497
core.conformation.symmetry.SymmData: origin: 0 0 0
core.conformation.symmetry.SymmData:  Virtual coordinate system CT08
core.conformation.symmetry.SymmData: x: 0 0.356822 -0.934172
core.conformation.symmetry.SymmData: y: 0.866025 0.467086 0.178411
core.conformation.symmetry.SymmData: origin: 0 0 0
core.conformation.symmetry.SymmData:  Virtual coordinate system CT11
core.conformation.symmetry.SymmData: x: 0 0.356822 0.934172
core.conformation.symmetry.SymmData: y: 0.866025 0.467086 -0.178411
core.conformation.symmetry.SymmData: origin: 0 0 0
core.conformation.symmetry.SymmData:  Virtual coordinate system CT12
core.conformation.symmetry.SymmData: x: 0.356822 0.934172 0
core.conformation.symmetry.SymmData: y: 0.467086 -0.178411 0.866025
core.conformation.symmetry.SymmData: origin: 0 0 0
core.conformation.symmetry.SymmData:  Virtual coordinate system CT13
core.conformation.symmetry.SymmData: x: 0.57735 0.57735 0.57735
core.conformation.symmetry.SymmData: y: -0.645497 -0.110264 0.755761
core.conformation.symmetry.SymmData: origin: 0 0 0
core.conformation.symmetry.SymmData:  Virtual coordinate system CT18
core.conformation.symmetry.SymmData: x: -0.356822 0.934172 0
core.conformation.symmetry.SymmData: y: -0.467086 -0.178411 0.866025
core.conformation.symmetry.SymmData: origin: 0 0 0
core.conformation.symmetry.SymmData:  Virtual coordinate system CT19
core.conformation.symmetry.SymmData: x: 0.934172 0 -0.356822
core.conformation.symmetry.SymmData: y: -0.178411 0.866025 -0.467086
core.conformation.symmetry.SymmData: origin: 0 0 0
core.conformation.symmetry.SymmData:  Virtual coordinate system PT00
core.conformation.symmetry.SymmData: x: 0.934172 0 0.356822
core.conformation.symmetry.SymmData: y: -0.178411 0.866025 0.467086
core.conformation.symmetry.SymmData: origin: 0 0 0
core.conformation.symmetry.SymmData:  Virtual coordinate system PT01
core.conformation.symmetry.SymmData: x: 0.57735 0.57735 -0.57735
core.conformation.symmetry.SymmData: y: -0.645497 -0.110264 -0.755761
core.conformation.symmetry.SymmData: origin: 0 0 0
core.conformation.symmetry.SymmData:  Virtual coordinate system PT02
core.conformation.symmetry.SymmData: x: 0.57735 -0.57735 0.57735
core.conformation.symmetry.SymmData: y: -0.110264 -0.755761 -0.645497
core.conformation.symmetry.SymmData: origin: 0 0 0
core.conformation.symmetry.SymmData:  Virtual coordinate system PT03
core.conformation.symmetry.SymmData: x: 0.57735 -0.57735 -0.57735
core.conformation.symmetry.SymmData: y: -0.110264 -0.755761 0.645497
core.conformation.symmetry.SymmData: origin: 0 0 0
core.conformation.symmetry.SymmData:  Virtual coordinate system PT08
core.conformation.symmetry.SymmData: x: 0 0.356822 -0.934172
core.conformation.symmetry.SymmData: y: 0.866025 0.467086 0.178411
core.conformation.symmetry.SymmData: origin: 0 0 0
core.conformation.symmetry.SymmData:  Virtual coordinate system PT11
core.conformation.symmetry.SymmData: x: 0 0.356822 0.934172
core.conformation.symmetry.SymmData: y: 0.866025 0.467086 -0.178411
core.conformation.symmetry.SymmData: origin: 0 0 0
core.conformation.symmetry.SymmData:  Virtual coordinate system PT12
core.conformation.symmetry.SymmData: x: 0.356822 0.934172 0
core.conformation.symmetry.SymmData: y: 0.467086 -0.178411 0.866025
core.conformation.symmetry.SymmData: origin: 0 0 0
core.conformation.symmetry.SymmData:  Virtual coordinate system PT13
core.conformation.symmetry.SymmData: x: 0.57735 0.57735 0.57735
core.conformation.symmetry.SymmData: y: -0.645497 -0.110264 0.755761
core.conformation.symmetry.SymmData: origin: 0 0 0
core.conformation.symmetry.SymmData:  Virtual coordinate system PT18
core.conformation.symmetry.SymmData: x: -0.356822 0.934172 0
core.conformation.symmetry.SymmData: y: -0.467086 -0.178411 0.866025
core.conformation.symmetry.SymmData: origin: 0 0 0
core.conformation.symmetry.SymmData:  Virtual coordinate system PT19
core.conformation.symmetry.SymmData: x: 0.934172 0 -0.356822
core.conformation.symmetry.SymmData: y: -0.178411 0.866025 -0.467086
core.conformation.symmetry.SymmData: origin: 0 0 0
core.conformation.symmetry.SymmData:  Virtual coordinate system ROOT
core.conformation.symmetry.SymmData: x: 1 0 0
core.conformation.symmetry.SymmData: y: 0 1 0
core.conformation.symmetry.SymmData: origin: 0 0 0
core.conformation.symmetry.SymmData:  Virtual coordinate system RT
core.conformation.symmetry.SymmData: x: 1 0 0
core.conformation.symmetry.SymmData: y: 0 1 0
core.conformation.symmetry.SymmData: origin: 0 0 0
core.conformation.symmetry.SymmData: Dof for jump: 31
core.conformation.symmetry.SymmData: x 1:0,0:0,0 n2c
core.conformation.symmetry.SymmData: y 0:0,0:0,0 n2c
core.conformation.symmetry.SymmData: z 0:0,0:0,0 n2c
core.conformation.symmetry.SymmData: x_angle 1:0,0:0,0 n2c
core.conformation.symmetry.SymmData: y_angle 0:0,0:0,0 n2c
core.conformation.symmetry.SymmData: z_angle 0:0,0:0,0 n2c
core.conformation.symmetry.SymmData: Jump JBT00_0 BT00_0 SUBUNIT
core.conformation.symmetry.SymmData: Jump JBT00_1 BT00_1 SUBUNIT
core.conformation.symmetry.SymmData: Jump JBT00_2 BT00_2 SUBUNIT
core.conformation.symmetry.SymmData: Jump JBT01_0 BT01_0 SUBUNIT
core.conformation.symmetry.SymmData: Jump JBT01_1 BT01_1 SUBUNIT
core.conformation.symmetry.SymmData: Jump JBT01_2 BT01_2 SUBUNIT
core.conformation.symmetry.SymmData: Jump JBT02_0 BT02_0 SUBUNIT
core.conformation.symmetry.SymmData: Jump JBT02_1 BT02_1 SUBUNIT
core.conformation.symmetry.SymmData: Jump JBT02_2 BT02_2 SUBUNIT
core.conformation.symmetry.SymmData: Jump JBT03_0 BT03_0 SUBUNIT
core.conformation.symmetry.SymmData: Jump JBT03_1 BT03_1 SUBUNIT
core.conformation.symmetry.SymmData: Jump JBT03_2 BT03_2 SUBUNIT
core.conformation.symmetry.SymmData: Jump JBT08_0 BT08_0 SUBUNIT
core.conformation.symmetry.SymmData: Jump JBT08_1 BT08_1 SUBUNIT
core.conformation.symmetry.SymmData: Jump JBT08_2 BT08_2 SUBUNIT
core.conformation.symmetry.SymmData: Jump JBT11_0 BT11_0 SUBUNIT
core.conformation.symmetry.SymmData: Jump JBT11_1 BT11_1 SUBUNIT
core.conformation.symmetry.SymmData: Jump JBT11_2 BT11_2 SUBUNIT
core.conformation.symmetry.SymmData: Jump JBT12_0 BT12_0 SUBUNIT
core.conformation.symmetry.SymmData: Jump JBT12_1 BT12_1 SUBUNIT
core.conformation.symmetry.SymmData: Jump JBT12_2 BT12_2 SUBUNIT
core.conformation.symmetry.SymmData: Jump JBT13_0 BT13_0 SUBUNIT
core.conformation.symmetry.SymmData: Jump JBT13_1 BT13_1 SUBUNIT
core.conformation.symmetry.SymmData: Jump JBT13_2 BT13_2 SUBUNIT
core.conformation.symmetry.SymmData: Jump JBT18_0 BT18_0 SUBUNIT
core.conformation.symmetry.SymmData: Jump JBT18_1 BT18_1 SUBUNIT
core.conformation.symmetry.SymmData: Jump JBT18_2 BT18_2 SUBUNIT
core.conformation.symmetry.SymmData: Jump JBT19_0 BT19_0 SUBUNIT
core.conformation.symmetry.SymmData: Jump JBT19_1 BT19_1 SUBUNIT
core.conformation.symmetry.SymmData: Jump JBT19_2 BT19_2 SUBUNIT
core.conformation.symmetry.SymmData: Jump JCT00 CT00 PT00
core.conformation.symmetry.SymmData: Jump JCT01 CT01 PT01
core.conformation.symmetry.SymmData: Jump JCT02 CT02 PT02
core.conformation.symmetry.SymmData: Jump JCT03 CT03 PT03
core.conformation.symmetry.SymmData: Jump JCT08 CT08 PT08
core.conformation.symmetry.SymmData: Jump JCT11 CT11 PT11
core.conformation.symmetry.SymmData: Jump JCT12 CT12 PT12
core.conformation.symmetry.SymmData: Jump JCT13 CT13 PT13
core.conformation.symmetry.SymmData: Jump JCT18 CT18 PT18
core.conformation.symmetry.SymmData: Jump JCT19 CT19 PT19
core.conformation.symmetry.SymmData: Jump JPT00_0 PT00 BT00_0
core.conformation.symmetry.SymmData: Jump JPT00_1 PT00 BT00_1
core.conformation.symmetry.SymmData: Jump JPT00_2 PT00 BT00_2
core.conformation.symmetry.SymmData: Jump JPT01_0 PT01 BT01_0
core.conformation.symmetry.SymmData: Jump JPT01_1 PT01 BT01_1
core.conformation.symmetry.SymmData: Jump JPT01_2 PT01 BT01_2
core.conformation.symmetry.SymmData: Jump JPT02_0 PT02 BT02_0
core.conformation.symmetry.SymmData: Jump JPT02_1 PT02 BT02_1
core.conformation.symmetry.SymmData: Jump JPT02_2 PT02 BT02_2
core.conformation.symmetry.SymmData: Jump JPT03_0 PT03 BT03_0
core.conformation.symmetry.SymmData: Jump JPT03_1 PT03 BT03_1
core.conformation.symmetry.SymmData: Jump JPT03_2 PT03 BT03_2
core.conformation.symmetry.SymmData: Jump JPT08_0 PT08 BT08_0
core.conformation.symmetry.SymmData: Jump JPT08_1 PT08 BT08_1
core.conformation.symmetry.SymmData: Jump JPT08_2 PT08 BT08_2
core.conformation.symmetry.SymmData: Jump JPT11_0 PT11 BT11_0
core.conformation.symmetry.SymmData: Jump JPT11_1 PT11 BT11_1
core.conformation.symmetry.SymmData: Jump JPT11_2 PT11 BT11_2
core.conformation.symmetry.SymmData: Jump JPT12_0 PT12 BT12_0
core.conformation.symmetry.SymmData: Jump JPT12_1 PT12 BT12_1
core.conformation.symmetry.SymmData: Jump JPT12_2 PT12 BT12_2
core.conformation.symmetry.SymmData: Jump JPT13_0 PT13 BT13_0
core.conformation.symmetry.SymmData: Jump JPT13_1 PT13 BT13_1
core.conformation.symmetry.SymmData: Jump JPT13_2 PT13 BT13_2
core.conformation.symmetry.SymmData: Jump JPT18_0 PT18 BT18_0
core.conformation.symmetry.SymmData: Jump JPT18_1 PT18 BT18_1
core.conformation.symmetry.SymmData: Jump JPT18_2 PT18 BT18_2
core.conformation.symmetry.SymmData: Jump JPT19_0 PT19 BT19_0
core.conformation.symmetry.SymmData: Jump JPT19_1 PT19 BT19_1
core.conformation.symmetry.SymmData: Jump JPT19_2 PT19 BT19_2
core.conformation.symmetry.SymmData: Jump JRT ROOT RT
core.conformation.symmetry.SymmData: Jump JRT00 RT CT00
core.conformation.symmetry.SymmData: Jump JRT01 RT CT01
core.conformation.symmetry.SymmData: Jump JRT02 RT CT02
core.conformation.symmetry.SymmData: Jump JRT03 RT CT03
core.conformation.symmetry.SymmData: Jump JRT08 RT CT08
core.conformation.symmetry.SymmData: Jump JRT11 RT CT11
core.conformation.symmetry.SymmData: Jump JRT12 RT CT12
core.conformation.symmetry.SymmData: Jump JRT13 RT CT13
core.conformation.symmetry.SymmData: Jump JRT18 RT CT18
core.conformation.symmetry.SymmData: Jump JRT19 RT CT19
core.conformation.symmetry.SymmData: Include subunit: 1 2 3 4 5 6 7 8 9 10 11 12 13 14 15 16 17 18 19 20 21 22 23 24 25 26 27 28 29 30
core.conformation.symmetry.SymmData: Output subunit: 1 2 3 4 5 6 7 8 9 10 11 12 13 14 15 16 17 18 19 20 21 22 23 24 25 26 27 28 29 30
core.conformation.symmetry.SymmData: SlideType: RANDOM
core.conformation.symmetry.SymmData: SlideCriteriaType: CEN_DOCK_SCORE
core.conformation.symmetry.SymmData: SlideCriteriaVal: AUTOMATIC
core.conformation.symmetry.SymmData: SlideOrder: none
protocols.matdes.SymDofMover: Fliping component 1 about the 0 axis
protocols.matdes.SymDofMover: JCT00 -> CT00
core.conformation.symmetry.util: =================== SYM FOLD TREE, jump notation: =symfixed= *indep* #symdof# jump[=follows] ========================
ROOT(6031)----=j71=--->RT(6032)
                       |----=j72=--->CT00(6033)----#j31#--->PT00(6043)
                       |                                    |----=j41=--->BT00_0(6053)----*j1*---->174:Sub1A(1-201)
                       |                                    |----=j42=--->BT00_1(6054)----j2=1---->375:Sub2A(202-402)
                       |                                    \----=j43=--->BT00_2(6055)----j3=1---->576:Sub3A(403-603)
                       |----=j73=--->CT01(6034)---j32=31--->PT01(6044)
                       |                                    |----=j44=--->BT01_0(6056)----j4=1---->777:Sub4A(604-804)
                       |                                    |----=j45=--->BT01_1(6057)----j5=1---->978:Sub5A(805-1005)
                       |                                    \----=j46=--->BT01_2(6058)----j6=1---->1179:Sub6A(1006-1206)
                       |----=j74=--->CT02(6035)---j33=31--->PT02(6045)
                       |                                    |----=j47=--->BT02_0(6059)----j7=1---->1380:Sub7A(1207-1407)
                       |                                    |----=j48=--->BT02_1(6060)----j8=1---->1581:Sub8A(1408-1608)
                       |                                    \----=j49=--->BT02_2(6061)----j9=1---->1782:Sub9A(1609-1809)
                       |----=j75=--->CT03(6036)---j34=31--->PT03(6046)
                       |                                    |----=j50=--->BT03_0(6062)----j10=1--->1983:Sub10A(1810-2010)
                       |                                    |----=j51=--->BT03_1(6063)----j11=1--->2184:Sub11A(2011-2211)
                       |                                    \----=j52=--->BT03_2(6064)----j12=1--->2385:Sub12A(2212-2412)
                       |----=j76=--->CT08(6037)---j35=31--->PT08(6047)
                       |                                    |----=j53=--->BT08_0(6065)----j13=1--->2586:Sub13A(2413-2613)
                       |                                    |----=j54=--->BT08_1(6066)----j14=1--->2787:Sub14A(2614-2814)
                       |                                    \----=j55=--->BT08_2(6067)----j15=1--->2988:Sub15A(2815-3015)
                       |----=j77=--->CT11(6038)---j36=31--->PT11(6048)
                       |                                    |----=j56=--->BT11_0(6068)----j16=1--->3189:Sub16A(3016-3216)
                       |                                    |----=j57=--->BT11_1(6069)----j17=1--->3390:Sub17A(3217-3417)
                       |                                    \----=j58=--->BT11_2(6070)----j18=1--->3591:Sub18A(3418-3618)
                       |----=j78=--->CT12(6039)---j37=31--->PT12(6049)
                       |                                    |----=j59=--->BT12_0(6071)----j19=1--->3792:Sub19A(3619-3819)
                       |                                    |----=j60=--->BT12_1(6072)----j20=1--->3993:Sub20A(3820-4020)
                       |                                    \----=j61=--->BT12_2(6073)----j21=1--->4194:Sub21A(4021-4221)
                       |----=j79=--->CT13(6040)---j38=31--->PT13(6050)
                       |                                    |----=j62=--->BT13_0(6074)----j22=1--->4395:Sub22A(4222-4422)
                       |                                    |----=j63=--->BT13_1(6075)----j23=1--->4596:Sub23A(4423-4623)
                       |                                    \----=j64=--->BT13_2(6076)----j24=1--->4797:Sub24A(4624-4824)
                       |----=j80=--->CT18(6041)---j39=31--->PT18(6051)
                       |                                    |----=j65=--->BT18_0(6077)----j25=1--->4998:Sub25A(4825-5025)
                       |                                    |----=j66=--->BT18_1(6078)----j26=1--->5199:Sub26A(5026-5226)
                       |                                    \----=j67=--->BT18_2(6079)----j27=1--->5400:Sub27A(5227-5427)
                       \----=j81=--->CT19(6042)---j40=31--->PT19(6052)
                                                            |----=j68=--->BT19_0(6080)----j28=1--->5601:Sub28A(5428-5628)
                                                            |----=j69=--->BT19_1(6081)----j29=1--->5802:Sub29A(5629-5829)
                                                            \----=j70=--->BT19_2(6082)----j30=1--->6003:Sub30A(5830-6030)
core.conformation.symmetry.Conformation: Found disulfide between residues 163 201
core.conformation.symmetry.Conformation: current variant for 163 CYD
core.conformation.symmetry.Conformation: current variant for 201 CYD
core.conformation.symmetry.Conformation: current variant for 163 CYD
core.conformation.symmetry.Conformation: current variant for 201 CYD
core.conformation.symmetry.Conformation: Add symmetric chemical bond 364 to 402
core.conformation.symmetry.Conformation: Add symmetric chemical bond 565 to 603
core.conformation.symmetry.Conformation: Add symmetric chemical bond 766 to 804
core.conformation.symmetry.Conformation: Add symmetric chemical bond 967 to 1005
core.conformation.symmetry.Conformation: Add symmetric chemical bond 1168 to 1206
core.conformation.symmetry.Conformation: Add symmetric chemical bond 1369 to 1407
core.conformation.symmetry.Conformation: Add symmetric chemical bond 1570 to 1608
core.conformation.symmetry.Conformation: Add symmetric chemical bond 1771 to 1809
core.conformation.symmetry.Conformation: Add symmetric chemical bond 1972 to 2010
core.conformation.symmetry.Conformation: Add symmetric chemical bond 2173 to 2211
core.conformation.symmetry.Conformation: Add symmetric chemical bond 2374 to 2412
core.conformation.symmetry.Conformation: Add symmetric chemical bond 2575 to 2613
core.conformation.symmetry.Conformation: Add symmetric chemical bond 2776 to 2814
core.conformation.symmetry.Conformation: Add symmetric chemical bond 2977 to 3015
core.conformation.symmetry.Conformation: Add symmetric chemical bond 3178 to 3216
core.conformation.symmetry.Conformation: Add symmetric chemical bond 3379 to 3417
core.conformation.symmetry.Conformation: Add symmetric chemical bond 3580 to 3618
core.conformation.symmetry.Conformation: Add symmetric chemical bond 3781 to 3819
core.conformation.symmetry.Conformation: Add symmetric chemical bond 3982 to 4020
core.conformation.symmetry.Conformation: Add symmetric chemical bond 4183 to 4221
core.conformation.symmetry.Conformation: Add symmetric chemical bond 4384 to 4422
core.conformation.symmetry.Conformation: Add symmetric chemical bond 4585 to 4623
core.conformation.symmetry.Conformation: Add symmetric chemical bond 4786 to 4824
core.conformation.symmetry.Conformation: Add symmetric chemical bond 4987 to 5025
core.conformation.symmetry.Conformation: Add symmetric chemical bond 5188 to 5226
core.conformation.symmetry.Conformation: Add symmetric chemical bond 5389 to 5427
core.conformation.symmetry.Conformation: Add symmetric chemical bond 5590 to 5628
core.conformation.symmetry.Conformation: Add symmetric chemical bond 5791 to 5829
core.conformation.symmetry.Conformation: Add symmetric chemical bond 5992 to 6030
core.conformation.symmetry.Conformation: Add symmetric chemical bond 163 to 201
protocols.matdes.SymDofMover: I . m
protocols.rosetta_scripts.ParsedProtocol: setting status to success
protocols.rosetta_scripts.ParsedProtocol: =======================BEGIN FILTER timer=======================
protocols.rosetta_scripts.ParsedProtocol: =======================END FILTER timer=======================
protocols.rosetta_scripts.ParsedProtocol: =======================BEGIN FILTER filter_scan=======================
core.pack.task: Packer task: initialize from command line() 
core.energy_methods.GenericBondedEnergy: Creating new peptide-bonded energy container (201)
basic.io.database: Database file opened: scoring/score_functions/elec_cp_reps.dat
core.scoring.elec.util: Read 40 countpair representative atoms
core.pack.dunbrack.RotamerLibrary: shapovalov_lib_fixes_enable option is true.
core.pack.dunbrack.RotamerLibrary: Binary rotamer library selected: /home/erinyang/.rosetta/database/rotamer/beta_nov2016/Dunbrack10.lib.bin
core.pack.dunbrack.RotamerLibrary: Using Dunbrack library binary file '/home/erinyang/.rosetta/database/rotamer/beta_nov2016/Dunbrack10.lib.bin'.
core.pack.dunbrack.RotamerLibrary: Dunbrack 2010 library took 0.256463 seconds to load from binary
core.pack.pack_rotamers: built 89 rotamers at 10 positions.
core.pack.interaction_graph.interaction_graph_factory: Instantiating SymmLinearMemoryInteractionGraph
protocols.protein_interface_design.filters.FilterScanFilter: Mutating residue LYS24 to LYS. Now relaxing...
core.pack.task: Packer task: initialize from command line() 
core.pack.pack_rotamers: built 92 rotamers at 10 positions.
core.pack.interaction_graph.interaction_graph_factory: Instantiating SymmLinearMemoryInteractionGraph
protocols.protein_interface_design.filters.FilterScanFilter: Mutating residue LYS24 to LYS. Now relaxing...
core.pack.task: Packer task: initialize from command line() 
core.pack.pack_rotamers: built 92 rotamers at 10 positions.
core.pack.interaction_graph.interaction_graph_factory: Instantiating SymmLinearMemoryInteractionGraph
protocols.protein_interface_design.filters.FilterScanFilter: Mutating residue LYS24 to LYS. Now relaxing...
protocols.protein_interface_design.filters.FilterScanFilter: Computed baseline at position 24 with filter delta_score_full is -1144.52
core.pack.task: Packer task: initialize from command line() 
core.pack.pack_rotamers: built 81 rotamers at 10 positions.
core.pack.interaction_graph.interaction_graph_factory: Instantiating SymmLinearMemoryInteractionGraph
protocols.protein_interface_design.filters.FilterScanFilter: Mutating residue LYS24 to ALA. Now relaxing...
protocols.simple_filters.DeltaFilter: Filter stability_score_full returns -1139.31. Baseline is -1144.52
protocols.simple_filters.DeltaFilter: Filter stability_score_full returns -1139.31. Baseline is -1144.52
protocols.protein_interface_design.filters.FilterScanFilter: Triage filter fails
core.pack.task: Packer task: initialize from command line() 
core.pack.pack_rotamers: built 86 rotamers at 10 positions.
core.pack.interaction_graph.interaction_graph_factory: Instantiating SymmLinearMemoryInteractionGraph
protocols.protein_interface_design.filters.FilterScanFilter: Mutating residue LYS24 to CYS. Now relaxing...
protocols.simple_filters.DeltaFilter: Filter stability_score_full returns -1136.95. Baseline is -1144.52
protocols.simple_filters.DeltaFilter: Filter stability_score_full returns -1136.95. Baseline is -1144.52
protocols.protein_interface_design.filters.FilterScanFilter: Triage filter fails
core.pack.task: Packer task: initialize from command line() 
core.pack.pack_rotamers: built 85 rotamers at 10 positions.
core.pack.interaction_graph.interaction_graph_factory: Instantiating SymmLinearMemoryInteractionGraph
protocols.protein_interface_design.filters.FilterScanFilter: Mutating residue LYS24 to ASP. Now relaxing...
protocols.simple_filters.DeltaFilter: Filter stability_score_full returns -1139.41. Baseline is -1144.52
protocols.simple_filters.DeltaFilter: Filter stability_score_full returns -1139.41. Baseline is -1144.52
protocols.protein_interface_design.filters.FilterScanFilter: Triage filter fails
core.pack.task: Packer task: initialize from command line() 
core.pack.pack_rotamers: built 90 rotamers at 10 positions.
core.pack.interaction_graph.interaction_graph_factory: Instantiating SymmLinearMemoryInteractionGraph
protocols.protein_interface_design.filters.FilterScanFilter: Mutating residue LYS24 to GLU. Now relaxing...
protocols.simple_filters.DeltaFilter: Filter stability_score_full returns -1142.46. Baseline is -1144.52
protocols.simple_filters.DeltaFilter: Filter stability_score_full returns -1142.46. Baseline is -1144.52
protocols.protein_interface_design.filters.FilterScanFilter: Triage filter fails
core.pack.task: Packer task: initialize from command line() 
core.pack.pack_rotamers: built 81 rotamers at 10 positions.
core.pack.interaction_graph.interaction_graph_factory: Instantiating SymmLinearMemoryInteractionGraph
protocols.protein_interface_design.filters.FilterScanFilter: Mutating residue LYS24 to PHE. Now relaxing...
protocols.simple_filters.DeltaFilter: Filter stability_score_full returns -1141.24. Baseline is -1144.52
protocols.simple_filters.DeltaFilter: Filter stability_score_full returns -1141.24. Baseline is -1144.52
protocols.protein_interface_design.filters.FilterScanFilter: Triage filter fails
core.pack.task: Packer task: initialize from command line() 
core.pack.pack_rotamers: built 81 rotamers at 10 positions.
core.pack.interaction_graph.interaction_graph_factory: Instantiating SymmLinearMemoryInteractionGraph
protocols.protein_interface_design.filters.FilterScanFilter: Mutating residue LYS24 to GLY. Now relaxing...
protocols.simple_filters.DeltaFilter: Filter stability_score_full returns -1133.69. Baseline is -1144.52
protocols.simple_filters.DeltaFilter: Filter stability_score_full returns -1133.69. Baseline is -1144.52
protocols.protein_interface_design.filters.FilterScanFilter: Triage filter fails
core.pack.task: Packer task: initialize from command line() 
core.pack.pack_rotamers: built 82 rotamers at 10 positions.
core.pack.interaction_graph.interaction_graph_factory: Instantiating SymmLinearMemoryInteractionGraph
protocols.protein_interface_design.filters.FilterScanFilter: Mutating residue LYS24 to HIS. Now relaxing...
protocols.simple_filters.DeltaFilter: Filter stability_score_full returns -1142.07. Baseline is -1144.52
protocols.simple_filters.DeltaFilter: Filter stability_score_full returns -1142.07. Baseline is -1144.52
protocols.protein_interface_design.filters.FilterScanFilter: Triage filter fails
core.pack.task: Packer task: initialize from command line() 
core.pack.pack_rotamers: built 82 rotamers at 10 positions.
core.pack.interaction_graph.interaction_graph_factory: Instantiating SymmLinearMemoryInteractionGraph
protocols.protein_interface_design.filters.FilterScanFilter: Mutating residue LYS24 to HIS. Now relaxing...
protocols.simple_filters.DeltaFilter: Filter stability_score_full returns -1142.07. Baseline is -1144.52
protocols.simple_filters.DeltaFilter: Filter stability_score_full returns -1142.07. Baseline is -1144.52
protocols.protein_interface_design.filters.FilterScanFilter: Triage filter fails
core.pack.task: Packer task: initialize from command line() 
core.pack.pack_rotamers: built 81 rotamers at 10 positions.
core.pack.interaction_graph.interaction_graph_factory: Instantiating SymmLinearMemoryInteractionGraph
protocols.protein_interface_design.filters.FilterScanFilter: Mutating residue LYS24 to ILE. Now relaxing...
protocols.simple_filters.DeltaFilter: Filter stability_score_full returns -1134.99. Baseline is -1144.52
protocols.simple_filters.DeltaFilter: Filter stability_score_full returns -1134.99. Baseline is -1144.52
protocols.protein_interface_design.filters.FilterScanFilter: Triage filter fails
core.pack.task: Packer task: initialize from command line() 
core.pack.pack_rotamers: built 92 rotamers at 10 positions.
core.pack.interaction_graph.interaction_graph_factory: Instantiating SymmLinearMemoryInteractionGraph
protocols.protein_interface_design.filters.FilterScanFilter: Mutating residue LYS24 to LYS. Now relaxing...
protocols.simple_filters.DeltaFilter: Filter stability_score_full returns -1144.52. Baseline is -1144.52
protocols.simple_filters.DeltaFilter: Filter stability_score_full returns -1144.52. Baseline is -1144.52
protocols.protein_interface_design.filters.FilterScanFilter: Triage filter succeeds
core.pack.task: Packer task: initialize from command line() 
core.pack.pack_rotamers: built 81 rotamers at 10 positions.
core.pack.interaction_graph.interaction_graph_factory: Instantiating SymmLinearMemoryInteractionGraph
protocols.protein_interface_design.filters.FilterScanFilter: Mutating residue LYS24 to LEU. Now relaxing...
protocols.simple_filters.DeltaFilter: Filter stability_score_full returns -1145.55. Baseline is -1144.52
protocols.simple_filters.DeltaFilter: Filter stability_score_full returns -1145.55. Baseline is -1144.52
protocols.protein_interface_design.filters.FilterScanFilter: Triage filter succeeds
core.pack.task: Packer task: initialize from command line() 
core.pack.pack_rotamers: built 85 rotamers at 10 positions.
core.pack.interaction_graph.interaction_graph_factory: Instantiating SymmLinearMemoryInteractionGraph
protocols.protein_interface_design.filters.FilterScanFilter: Mutating residue LYS24 to MET. Now relaxing...
protocols.simple_filters.DeltaFilter: Filter stability_score_full returns -1140.42. Baseline is -1144.52
protocols.simple_filters.DeltaFilter: Filter stability_score_full returns -1140.42. Baseline is -1144.52
protocols.protein_interface_design.filters.FilterScanFilter: Triage filter fails
core.pack.task: Packer task: initialize from command line() 
core.pack.pack_rotamers: built 90 rotamers at 10 positions.
core.pack.interaction_graph.interaction_graph_factory: Instantiating SymmLinearMemoryInteractionGraph
protocols.protein_interface_design.filters.FilterScanFilter: Mutating residue LYS24 to ASN. Now relaxing...
protocols.simple_filters.DeltaFilter: Filter stability_score_full returns -1141.61. Baseline is -1144.52
protocols.simple_filters.DeltaFilter: Filter stability_score_full returns -1141.61. Baseline is -1144.52
protocols.protein_interface_design.filters.FilterScanFilter: Triage filter fails
core.pack.task: Packer task: initialize from command line() 
core.pack.pack_rotamers: built 81 rotamers at 10 positions.
core.pack.interaction_graph.interaction_graph_factory: Instantiating SymmLinearMemoryInteractionGraph
protocols.protein_interface_design.filters.FilterScanFilter: Mutating residue LYS24 to PRO. Now relaxing...
protocols.simple_filters.DeltaFilter: Filter stability_score_full returns -1116.5. Baseline is -1144.52
protocols.simple_filters.DeltaFilter: Filter stability_score_full returns -1116.5. Baseline is -1144.52
protocols.protein_interface_design.filters.FilterScanFilter: Triage filter fails
core.pack.task: Packer task: initialize from command line() 
core.pack.pack_rotamers: built 92 rotamers at 10 positions.
core.pack.interaction_graph.interaction_graph_factory: Instantiating SymmLinearMemoryInteractionGraph
protocols.protein_interface_design.filters.FilterScanFilter: Mutating residue LYS24 to GLN. Now relaxing...
protocols.simple_filters.DeltaFilter: Filter stability_score_full returns -1141.32. Baseline is -1144.52
protocols.simple_filters.DeltaFilter: Filter stability_score_full returns -1141.32. Baseline is -1144.52
protocols.protein_interface_design.filters.FilterScanFilter: Triage filter fails
core.pack.task: Packer task: initialize from command line() 
core.pack.pack_rotamers: built 93 rotamers at 10 positions.
core.pack.interaction_graph.interaction_graph_factory: Instantiating SymmLinearMemoryInteractionGraph
protocols.protein_interface_design.filters.FilterScanFilter: Mutating residue LYS24 to ARG. Now relaxing...
protocols.simple_filters.DeltaFilter: Filter stability_score_full returns -1141.6. Baseline is -1144.52
protocols.simple_filters.DeltaFilter: Filter stability_score_full returns -1141.6. Baseline is -1144.52
protocols.protein_interface_design.filters.FilterScanFilter: Triage filter fails
core.pack.task: Packer task: initialize from command line() 
core.pack.pack_rotamers: built 134 rotamers at 10 positions.
core.pack.interaction_graph.interaction_graph_factory: Instantiating SymmLinearMemoryInteractionGraph
protocols.protein_interface_design.filters.FilterScanFilter: Mutating residue LYS24 to SER. Now relaxing...
protocols.simple_filters.DeltaFilter: Filter stability_score_full returns -1138.47. Baseline is -1144.52
protocols.simple_filters.DeltaFilter: Filter stability_score_full returns -1138.47. Baseline is -1144.52
protocols.protein_interface_design.filters.FilterScanFilter: Triage filter fails
core.pack.task: Packer task: initialize from command line() 
core.pack.pack_rotamers: built 98 rotamers at 10 positions.
core.pack.interaction_graph.interaction_graph_factory: Instantiating SymmLinearMemoryInteractionGraph
protocols.protein_interface_design.filters.FilterScanFilter: Mutating residue LYS24 to THR. Now relaxing...
protocols.simple_filters.DeltaFilter: Filter stability_score_full returns -1134.62. Baseline is -1144.52
protocols.simple_filters.DeltaFilter: Filter stability_score_full returns -1134.62. Baseline is -1144.52
protocols.protein_interface_design.filters.FilterScanFilter: Triage filter fails
core.pack.task: Packer task: initialize from command line() 
core.pack.pack_rotamers: built 81 rotamers at 10 positions.
core.pack.interaction_graph.interaction_graph_factory: Instantiating SymmLinearMemoryInteractionGraph
protocols.protein_interface_design.filters.FilterScanFilter: Mutating residue LYS24 to VAL. Now relaxing...
protocols.simple_filters.DeltaFilter: Filter stability_score_full returns -1136.21. Baseline is -1144.52
protocols.simple_filters.DeltaFilter: Filter stability_score_full returns -1136.21. Baseline is -1144.52
protocols.protein_interface_design.filters.FilterScanFilter: Triage filter fails
core.pack.task: Packer task: initialize from command line() 
core.pack.pack_rotamers: built 81 rotamers at 10 positions.
core.pack.interaction_graph.interaction_graph_factory: Instantiating SymmLinearMemoryInteractionGraph
protocols.protein_interface_design.filters.FilterScanFilter: Mutating residue LYS24 to TRP. Now relaxing...
protocols.simple_filters.DeltaFilter: Filter stability_score_full returns -1136.44. Baseline is -1144.52
protocols.simple_filters.DeltaFilter: Filter stability_score_full returns -1136.44. Baseline is -1144.52
protocols.protein_interface_design.filters.FilterScanFilter: Triage filter fails
core.pack.task: Packer task: initialize from command line() 
core.pack.pack_rotamers: built 81 rotamers at 10 positions.
core.pack.interaction_graph.interaction_graph_factory: Instantiating SymmLinearMemoryInteractionGraph
protocols.protein_interface_design.filters.FilterScanFilter: Mutating residue LYS24 to TYR. Now relaxing...
protocols.simple_filters.DeltaFilter: Filter stability_score_full returns -1140.37. Baseline is -1144.52
protocols.simple_filters.DeltaFilter: Filter stability_score_full returns -1140.37. Baseline is -1144.52
protocols.protein_interface_design.filters.FilterScanFilter: Triage filter fails
ResidueScan: output/I3_1/resfiles/res_24	24	A	5.21117	TRIAGED
ResidueScan: output/I3_1/resfiles/res_24	24	C	7.57787	TRIAGED
ResidueScan: output/I3_1/resfiles/res_24	24	D	5.11737	TRIAGED
ResidueScan: output/I3_1/resfiles/res_24	24	E	2.06029	TRIAGED
ResidueScan: output/I3_1/resfiles/res_24	24	F	3.28871	TRIAGED
ResidueScan: output/I3_1/resfiles/res_24	24	G	10.832	TRIAGED
ResidueScan: output/I3_1/resfiles/res_24	24	H	2.45105	TRIAGED
ResidueScan: output/I3_1/resfiles/res_24	24	I	9.53917	TRIAGED
ResidueScan: output/I3_1/resfiles/res_24	24	K	0
ResidueScan: output/I3_1/resfiles/res_24	24	L	-1.03002
ResidueScan: output/I3_1/resfiles/res_24	24	M	4.10271	TRIAGED
ResidueScan: output/I3_1/resfiles/res_24	24	N	2.91653	TRIAGED
ResidueScan: output/I3_1/resfiles/res_24	24	P	28.0257	TRIAGED
ResidueScan: output/I3_1/resfiles/res_24	24	Q	3.20931	TRIAGED
ResidueScan: output/I3_1/resfiles/res_24	24	R	2.92278	TRIAGED
ResidueScan: output/I3_1/resfiles/res_24	24	S	6.05814	TRIAGED
ResidueScan: output/I3_1/resfiles/res_24	24	T	9.90815	TRIAGED
ResidueScan: output/I3_1/resfiles/res_24	24	V	8.31619	TRIAGED
ResidueScan: output/I3_1/resfiles/res_24	24	W	8.08903	TRIAGED
ResidueScan: output/I3_1/resfiles/res_24	24	Y	4.15137	TRIAGED
protocols.rosetta_scripts.ParsedProtocol: =======================END FILTER filter_scan=======================
protocols.rosetta_scripts.ParsedProtocol: =======================BEGIN FILTER timer=======================
protocols.rosetta_scripts.ParsedProtocol: =======================END FILTER timer=======================
protocols.rosetta_scripts.ParsedProtocol: setting status to success
protocols.rosetta_scripts.ParsedProtocol.REPORT: ============Begin report for timer==================
protocols.rosetta_scripts.ParsedProtocol.REPORT: 630 seconds
protocols.rosetta_scripts.ParsedProtocol.REPORT: ============End report for timer==================
protocols.rosetta_scripts.ParsedProtocol.REPORT: ============Begin report for filter_scan==================
protocols.rosetta_scripts.ParsedProtocol.REPORT: ============End report for filter_scan==================
protocols.rosetta_scripts.ParsedProtocol.REPORT: ============Begin report for timer==================
protocols.rosetta_scripts.ParsedProtocol.REPORT: 630 seconds
protocols.rosetta_scripts.ParsedProtocol.REPORT: ============End report for timer==================
core.energy_methods.GenericBondedEnergy: Creating new peptide-bonded energy container (201)
protocols.jd2.JobDistributor: I3_1_2_0001_0001 reported success in 645 seconds
protocols.jd2.JobDistributor: no more batches to process... 
protocols.jd2.JobDistributor: 1 jobs considered, 1 jobs attempted in 645 seconds
protocols.jd2.JobDistributor: [ WARNING ] The following options have been set, but have not yet been used:
	-out:file:use_occurrence_data 

basic.citation_manager.CitationManager: 
The following Rosetta modules were used during this run of Rosetta, and should be cited:

rosetta_scripts Application's citation(s):
Fleishman SJ, Leaver-Fay A, Corn JE, Strauch E-M, Khare SD, Koga N, Ashworth J, Murphy P, Richter F, Lemmon G, Meiler J, and Baker D.  (2011).  RosettaScripts: A Scripting Language Interface to the Rosetta Macromolecular Modeling Suite.  PLoS ONE 6(6):e20161.  doi: 10.1371/journal.pone.0020161.


